Writing manifest-f9a8f5e7.js
Writing 00-c985285d.png
Writing 01-08166fdd.png
Writing 02-1b164579.png
Writing 03-561c571f.png
Writing application-83802473.js
Writing articles-822d711d.coffee
Writing cable-9fbdbec9.js
Writing welcome-822d711d.coffee
Writing application-12e14069.css
Writing controllers/application-3affb389.js
Writing controllers/hello_controller-708796bd.js
Writing controllers/index-ee64e1f1.js
Writing stimulus-autoloader-9d447422.js
Writing stimulus-importmap-autoloader-64cc03e1.js
Writing stimulus-loading-1fc53fe7.js
Writing stimulus-d59b3b7f.js
Writing stimulus.min-4b1e420e.js
Writing stimulus.min-2395e199.js.map
Writing turbo-86e38c3c.js
Writing turbo.min-fae85750.js
Writing turbo.min-5dd5a71a.js.map
Writing actioncable.esm-e0ec9819.js
Writing actioncable-ac25813f.js
Writing action_cable-5212cfee.js
Writing rails-ujs.esm-e925103b.js
Writing rails-ujs-20eaf715.js
Started GET "/" for 127.0.0.1 at 2025-02-22 14:24:38 +0800
Processing by Rails::WelcomeController#index as HTML
  Rendering C:/Ruby33-x64/lib/ruby/gems/3.3.0/gems/railties-8.0.1/lib/rails/templates/rails/welcome/index.html.erb
  Rendered C:/Ruby33-x64/lib/ruby/gems/3.3.0/gems/railties-8.0.1/lib/rails/templates/rails/welcome/index.html.erb (Duration: 2.4ms | GC: 0.0ms)
Completed 200 OK in 1668ms (Views: 79.2ms | GC: 0.0ms)


Started GET "/" for 127.0.0.1 at 2025-02-22 14:26:36 +0800
Processing by WelcomeController#index as HTML
  Rendering layout layouts/application.html.erb
  Rendering welcome/index.html.erb within layouts/application
  Rendered welcome/index.html.erb within layouts/application (Duration: 3.7ms | GC: 0.0ms)
  Rendered layout layouts/application.html.erb (Duration: 22.4ms | GC: 0.0ms)
Completed 200 OK in 723ms (Views: 30.1ms | GC: 0.0ms)


Started GET "/favicon.ico" for 127.0.0.1 at 2025-02-22 14:26:38 +0800
  
ActionController::RoutingError (No route matches [GET] "/favicon.ico"):
  
Started GET "/langs/index/en" for 127.0.0.1 at 2025-02-22 14:26:42 +0800
Processing by LangsController#index as */*
  Parameters: {"lang"=>"en"}
No template found for LangsController#index, rendering head :no_content
Completed 204 No Content in 642ms (GC: 0.0ms)


Started GET "/fortune" for 127.0.0.1 at 2025-02-22 14:26:47 +0800
Processing by FortuneController#index as HTML
  Rendering layout layouts/application.html.erb
  Rendering fortune/index.html.erb within layouts/application
  Rendered fortune/index.html.erb within layouts/application (Duration: 3.0ms | GC: 0.0ms)
  Rendered layout layouts/application.html.erb (Duration: 6.1ms | GC: 0.0ms)
Completed 200 OK in 681ms (Views: 10.2ms | GC: 0.0ms)


Started GET "/traits" for 127.0.0.1 at 2025-02-22 14:26:50 +0800
Processing by TraitsController#index as HTML
  Rendering layout layouts/application.html.erb
  Rendering traits/index.html.erb within layouts/application
  Rendered traits/index.html.erb within layouts/application (Duration: 2.7ms | GC: 0.0ms)
  Rendered layout layouts/application.html.erb (Duration: 6.1ms | GC: 0.0ms)
Completed 200 OK in 680ms (Views: 9.6ms | GC: 0.0ms)


Started GET "/fortune" for 127.0.0.1 at 2025-02-22 14:26:52 +0800
Processing by FortuneController#index as HTML
  Rendering layout layouts/application.html.erb
  Rendering fortune/index.html.erb within layouts/application
  Rendered fortune/index.html.erb within layouts/application (Duration: 2.0ms | GC: 0.0ms)
  Rendered layout layouts/application.html.erb (Duration: 5.6ms | GC: 0.0ms)
Completed 200 OK in 665ms (Views: 6.3ms | GC: 0.0ms)


Started GET "/years" for 127.0.0.1 at 2025-02-22 14:28:00 +0800
Processing by YearsController#index as HTML
  Rendering layout layouts/application.html.erb
  Rendering years/index.html.erb within layouts/application
  Rendered years/index.html.erb within layouts/application (Duration: 2.5ms | GC: 0.0ms)
  Rendered layout layouts/application.html.erb (Duration: 6.4ms | GC: 0.0ms)
Completed 200 OK in 686ms (Views: 9.5ms | GC: 0.0ms)


Started GET "/traits" for 127.0.0.1 at 2025-02-22 14:28:03 +0800
Processing by TraitsController#index as HTML
  Rendering layout layouts/application.html.erb
  Rendering traits/index.html.erb within layouts/application
  Rendered traits/index.html.erb within layouts/application (Duration: 1.7ms | GC: 0.0ms)
  Rendered layout layouts/application.html.erb (Duration: 8.6ms | GC: 0.0ms)
Completed 200 OK in 681ms (Views: 10.0ms | GC: 0.0ms)


Started GET "/fortune" for 127.0.0.1 at 2025-02-22 14:28:05 +0800
Processing by FortuneController#index as HTML
  Rendering layout layouts/application.html.erb
  Rendering fortune/index.html.erb within layouts/application
  Rendered fortune/index.html.erb within layouts/application (Duration: 1.7ms | GC: 0.0ms)
  Rendered layout layouts/application.html.erb (Duration: 7.5ms | GC: 0.0ms)
Completed 200 OK in 662ms (Views: 8.2ms | GC: 0.0ms)


Started GET "/langs/index/cn" for 127.0.0.1 at 2025-02-22 14:28:11 +0800
Processing by LangsController#index as */*
  Parameters: {"lang"=>"cn"}
No template found for LangsController#index, rendering head :no_content
Completed 204 No Content in 645ms (GC: 0.2ms)


Started GET "/fortune" for 127.0.0.1 at 2025-02-22 14:28:16 +0800
Processing by FortuneController#index as HTML
  Rendering layout layouts/application.html.erb
  Rendering fortune/index.html.erb within layouts/application
  Rendered fortune/index.html.erb within layouts/application (Duration: 0.8ms | GC: 0.0ms)
  Rendered layout layouts/application.html.erb (Duration: 8.8ms | GC: 0.0ms)
Completed 200 OK in 667ms (Views: 9.6ms | GC: 0.0ms)


Started GET "/fortune" for 127.0.0.1 at 2025-02-22 14:31:40 +0800
Processing by FortuneController#index as HTML
  Rendering layout layouts/application.html.erb
  Rendering fortune/index.html.erb within layouts/application
  Rendered fortune/index.html.erb within layouts/application (Duration: 2.4ms | GC: 0.0ms)
  Rendered layout layouts/application.html.erb (Duration: 4.8ms | GC: 0.0ms)
Completed 200 OK in 702ms (Views: 6.2ms | GC: 0.0ms)


Started GET "/langs/index/en" for 127.0.0.1 at 2025-02-22 14:31:46 +0800
Processing by LangsController#index as */*
  Parameters: {"lang"=>"en"}
No template found for LangsController#index, rendering head :no_content
Completed 204 No Content in 639ms (GC: 0.0ms)


Started GET "/years" for 127.0.0.1 at 2025-02-22 14:31:51 +0800
Processing by YearsController#index as HTML
  Rendering layout layouts/application.html.erb
  Rendering years/index.html.erb within layouts/application
  Rendered years/index.html.erb within layouts/application (Duration: 1.8ms | GC: 0.0ms)
  Rendered layout layouts/application.html.erb (Duration: 5.6ms | GC: 0.0ms)
Completed 200 OK in 668ms (Views: 6.2ms | GC: 0.0ms)


Started GET "/langs/index/cn" for 127.0.0.1 at 2025-02-22 14:31:54 +0800
Processing by LangsController#index as */*
  Parameters: {"lang"=>"cn"}
No template found for LangsController#index, rendering head :no_content
Completed 204 No Content in 662ms (GC: 0.0ms)


Started GET "/years" for 127.0.0.1 at 2025-02-22 14:31:55 +0800
Processing by YearsController#index as HTML
  Rendering layout layouts/application.html.erb
  Rendering years/index.html.erb within layouts/application
  Rendered years/index.html.erb within layouts/application (Duration: 1.8ms | GC: 0.0ms)
  Rendered layout layouts/application.html.erb (Duration: 5.7ms | GC: 0.0ms)
Completed 200 OK in 661ms (Views: 6.4ms | GC: 0.0ms)


Started GET "/langs/index/cn" for 127.0.0.1 at 2025-02-22 14:32:01 +0800
Processing by LangsController#index as */*
  Parameters: {"lang"=>"cn"}
No template found for LangsController#index, rendering head :no_content
Completed 204 No Content in 622ms (GC: 0.0ms)


Started GET "/years" for 127.0.0.1 at 2025-02-22 14:32:05 +0800
Processing by YearsController#index as HTML
  Rendering layout layouts/application.html.erb
  Rendering years/index.html.erb within layouts/application
  Rendered years/index.html.erb within layouts/application (Duration: 1.9ms | GC: 0.0ms)
  Rendered layout layouts/application.html.erb (Duration: 6.1ms | GC: 0.0ms)
Completed 200 OK in 667ms (Views: 6.9ms | GC: 0.0ms)


Started GET "/years" for 127.0.0.1 at 2025-02-22 14:32:43 +0800
Processing by YearsController#index as HTML
  Rendering layout layouts/application.html.erb
  Rendering years/index.html.erb within layouts/application
  Rendered years/index.html.erb within layouts/application (Duration: 1.8ms | GC: 0.0ms)
  Rendered layout layouts/application.html.erb (Duration: 3.8ms | GC: 0.0ms)
Completed 200 OK in 703ms (Views: 6.3ms | GC: 0.0ms)


Started GET "/langs/index/en" for 127.0.0.1 at 2025-02-22 14:32:47 +0800
Processing by LangsController#index as */*
  Parameters: {"lang"=>"en"}
No template found for LangsController#index, rendering head :no_content
Completed 204 No Content in 660ms (GC: 0.0ms)


Started GET "/langs/index/cn" for 127.0.0.1 at 2025-02-22 14:32:55 +0800
Processing by LangsController#index as */*
  Parameters: {"lang"=>"cn"}
No template found for LangsController#index, rendering head :no_content
Completed 204 No Content in 630ms (GC: 0.0ms)


Started GET "/years" for 127.0.0.1 at 2025-02-22 14:34:15 +0800
Processing by YearsController#index as HTML
  Rendering layout layouts/application.html.erb
  Rendering years/index.html.erb within layouts/application
  Rendered years/index.html.erb within layouts/application (Duration: 3.9ms | GC: 0.0ms)
  Rendered layout layouts/application.html.erb (Duration: 24.9ms | GC: 0.0ms)
Completed 200 OK in 1487ms (Views: 37.8ms | GC: 0.0ms)


Started GET "/langs/index/en" for 127.0.0.1 at 2025-02-22 14:34:22 +0800
Processing by LangsController#index as */*
  Parameters: {"lang"=>"en"}
No template found for LangsController#index, rendering head :no_content
Completed 204 No Content in 639ms (GC: 0.0ms)


Started GET "/years" for 127.0.0.1 at 2025-02-22 14:35:02 +0800
Processing by YearsController#index as HTML
  Rendering layout layouts/application.html.erb
  Rendering years/index.html.erb within layouts/application
  Rendered years/index.html.erb within layouts/application (Duration: 2.3ms | GC: 0.0ms)
  Rendered layout layouts/application.html.erb (Duration: 5.2ms | GC: 0.0ms)
Completed 200 OK in 701ms (Views: 6.7ms | GC: 0.0ms)


Started GET "/langs/index/cn" for 127.0.0.1 at 2025-02-22 14:35:05 +0800
Processing by LangsController#index as */*
  Parameters: {"lang"=>"cn"}
No template found for LangsController#index, rendering head :no_content
Completed 204 No Content in 616ms (GC: 0.0ms)


Started GET "/years" for 127.0.0.1 at 2025-02-22 14:35:24 +0800
Processing by YearsController#index as HTML
  Rendering layout layouts/application.html.erb
  Rendering years/index.html.erb within layouts/application
  Rendered years/index.html.erb within layouts/application (Duration: 3.2ms | GC: 0.0ms)
  Rendered layout layouts/application.html.erb (Duration: 23.5ms | GC: 0.0ms)
Completed 200 OK in 1426ms (Views: 47.7ms | GC: 0.2ms)


Started GET "/langs/index/en" for 127.0.0.1 at 2025-02-22 14:35:30 +0800
Processing by LangsController#index as */*
  Parameters: {"lang"=>"en"}
No template found for LangsController#index, rendering head :no_content
Completed 204 No Content in 649ms (GC: 0.0ms)


Started GET "/years" for 127.0.0.1 at 2025-02-22 14:38:25 +0800
Processing by YearsController#index as HTML
  Rendering layout layouts/application.html.erb
  Rendering years/index.html.erb within layouts/application
  Rendered years/index.html.erb within layouts/application (Duration: 3.3ms | GC: 0.0ms)
  Rendered layout layouts/application.html.erb (Duration: 25.4ms | GC: 0.0ms)
Completed 200 OK in 1415ms (Views: 38.8ms | GC: 0.0ms)


Started GET "/traits" for 127.0.0.1 at 2025-02-22 14:38:28 +0800
Processing by TraitsController#index as HTML
  Rendering layout layouts/application.html.erb
  Rendering traits/index.html.erb within layouts/application
  Rendered traits/index.html.erb within layouts/application (Duration: 2.8ms | GC: 0.0ms)
  Rendered layout layouts/application.html.erb (Duration: 4.8ms | GC: 0.0ms)
Completed 200 OK in 706ms (Views: 7.7ms | GC: 0.0ms)


Started GET "/langs/index/cn" for 127.0.0.1 at 2025-02-22 14:38:30 +0800
Processing by LangsController#index as */*
  Parameters: {"lang"=>"cn"}
No template found for LangsController#index, rendering head :no_content
Completed 204 No Content in 623ms (GC: 0.0ms)


Started GET "/fortune" for 127.0.0.1 at 2025-02-22 14:38:42 +0800
Processing by FortuneController#index as HTML
  Rendering layout layouts/application.html.erb
  Rendering fortune/index.html.erb within layouts/application
  Rendered fortune/index.html.erb within layouts/application (Duration: 2.6ms | GC: 0.0ms)
  Rendered layout layouts/application.html.erb (Duration: 5.4ms | GC: 0.0ms)
Completed 200 OK in 686ms (Views: 8.2ms | GC: 0.0ms)


Started GET "/langs/index/en" for 127.0.0.1 at 2025-02-22 14:38:46 +0800
Processing by LangsController#index as */*
  Parameters: {"lang"=>"en"}
No template found for LangsController#index, rendering head :no_content
Completed 204 No Content in 685ms (GC: 0.0ms)


Started GET "/fortune" for 127.0.0.1 at 2025-02-22 14:38:47 +0800
Processing by FortuneController#index as HTML
  Rendering layout layouts/application.html.erb
  Rendering fortune/index.html.erb within layouts/application
  Rendered fortune/index.html.erb within layouts/application (Duration: 2.2ms | GC: 0.0ms)
  Rendered layout layouts/application.html.erb (Duration: 7.1ms | GC: 0.0ms)
Completed 200 OK in 1149ms (Views: 8.0ms | GC: 0.0ms)


Started GET "/langs/index/cn" for 127.0.0.1 at 2025-02-22 14:41:01 +0800
Processing by LangsController#index as */*
  Parameters: {"lang"=>"cn"}
No template found for LangsController#index, rendering head :no_content
Completed 204 No Content in 650ms (GC: 0.0ms)


Started GET "/fortune" for 127.0.0.1 at 2025-02-22 14:41:42 +0800
Processing by FortuneController#index as HTML
  Rendering layout layouts/application.html.erb
  Rendering fortune/index.html.erb within layouts/application
  Rendered fortune/index.html.erb within layouts/application (Duration: 1.8ms | GC: 0.0ms)
  Rendered layout layouts/application.html.erb (Duration: 7.5ms | GC: 0.0ms)
Completed 200 OK in 720ms (Views: 8.3ms | GC: 0.2ms)


Started GET "/langs/index/en" for 127.0.0.1 at 2025-02-22 14:41:46 +0800
Processing by LangsController#index as */*
  Parameters: {"lang"=>"en"}
No template found for LangsController#index, rendering head :no_content
Completed 204 No Content in 635ms (GC: 0.0ms)


Started GET "/" for 127.0.0.1 at 2025-02-22 14:42:04 +0800
Processing by WelcomeController#index as HTML
  Rendering layout layouts/application.html.erb
  Rendering welcome/index.html.erb within layouts/application
  Rendered welcome/index.html.erb within layouts/application (Duration: 3.5ms | GC: 0.0ms)
  Rendered layout layouts/application.html.erb (Duration: 24.7ms | GC: 0.0ms)
Completed 200 OK in 1379ms (Views: 36.5ms | GC: 0.0ms)


Started GET "/langs/index/cn" for 127.0.0.1 at 2025-02-22 14:42:08 +0800
Processing by LangsController#index as */*
  Parameters: {"lang"=>"cn"}
No template found for LangsController#index, rendering head :no_content
Completed 204 No Content in 673ms (GC: 0.0ms)


Started GET "/langs/index/en" for 127.0.0.1 at 2025-02-22 14:42:53 +0800
Processing by LangsController#index as */*
  Parameters: {"lang"=>"en"}
No template found for LangsController#index, rendering head :no_content
Completed 204 No Content in 648ms (GC: 0.0ms)


Started GET "/years" for 127.0.0.1 at 2025-02-22 14:43:04 +0800
Processing by YearsController#index as HTML
  Rendering layout layouts/application.html.erb
  Rendering years/index.html.erb within layouts/application
  Rendered years/index.html.erb within layouts/application (Duration: 2.4ms | GC: 0.0ms)
  Rendered layout layouts/application.html.erb (Duration: 6.3ms | GC: 0.0ms)
Completed 200 OK in 694ms (Views: 9.2ms | GC: 0.0ms)


Started GET "/traits" for 127.0.0.1 at 2025-02-22 14:43:10 +0800
Processing by TraitsController#index as HTML
  Rendering layout layouts/application.html.erb
  Rendering traits/index.html.erb within layouts/application
  Rendered traits/index.html.erb within layouts/application (Duration: 2.6ms | GC: 0.0ms)
  Rendered layout layouts/application.html.erb (Duration: 6.0ms | GC: 0.0ms)
Completed 200 OK in 673ms (Views: 8.9ms | GC: 0.2ms)


Started GET "/langs/index/cn" for 127.0.0.1 at 2025-02-22 14:43:13 +0800
Processing by LangsController#index as */*
  Parameters: {"lang"=>"cn"}
No template found for LangsController#index, rendering head :no_content
Completed 204 No Content in 623ms (GC: 0.0ms)


Started GET "/traits" for 127.0.0.1 at 2025-02-22 14:43:16 +0800
Processing by TraitsController#index as HTML
  Rendering layout layouts/application.html.erb
  Rendering traits/index.html.erb within layouts/application
  Rendered traits/index.html.erb within layouts/application (Duration: 1.7ms | GC: 0.0ms)
  Rendered layout layouts/application.html.erb (Duration: 5.1ms | GC: 0.0ms)
Completed 200 OK in 666ms (Views: 5.8ms | GC: 0.0ms)


Started GET "/langs/index/en" for 127.0.0.1 at 2025-02-22 14:43:34 +0800
Processing by LangsController#index as */*
  Parameters: {"lang"=>"en"}
No template found for LangsController#index, rendering head :no_content
Completed 204 No Content in 647ms (GC: 0.0ms)


Started GET "/traits" for 127.0.0.1 at 2025-02-22 14:43:37 +0800
Processing by TraitsController#index as HTML
  Rendering layout layouts/application.html.erb
  Rendering traits/index.html.erb within layouts/application
  Rendered traits/index.html.erb within layouts/application (Duration: 1.7ms | GC: 0.0ms)
  Rendered layout layouts/application.html.erb (Duration: 16.5ms | GC: 0.2ms)
Completed 200 OK in 682ms (Views: 17.2ms | GC: 0.2ms)


Started GET "/langs/index/cn" for 127.0.0.1 at 2025-02-22 14:43:41 +0800
Processing by LangsController#index as */*
  Parameters: {"lang"=>"cn"}
No template found for LangsController#index, rendering head :no_content
Completed 204 No Content in 629ms (GC: 0.0ms)


Started GET "/fortune" for 127.0.0.1 at 2025-02-22 14:43:43 +0800
Processing by FortuneController#index as HTML
  Rendering layout layouts/application.html.erb
  Rendering fortune/index.html.erb within layouts/application
  Rendered fortune/index.html.erb within layouts/application (Duration: 2.3ms | GC: 0.0ms)
  Rendered layout layouts/application.html.erb (Duration: 5.6ms | GC: 0.0ms)
Completed 200 OK in 669ms (Views: 8.3ms | GC: 0.0ms)


Started GET "/fortune" for 127.0.0.1 at 2025-02-22 14:44:54 +0800
Processing by FortuneController#index as HTML
  Rendering layout layouts/application.html.erb
  Rendering fortune/index.html.erb within layouts/application
  Rendered fortune/index.html.erb within layouts/application (Duration: 1.7ms | GC: 0.0ms)
  Rendered layout layouts/application.html.erb (Duration: 4.4ms | GC: 0.0ms)
Completed 200 OK in 710ms (Views: 5.5ms | GC: 0.0ms)


Started GET "/favicon.ico" for 127.0.0.1 at 2025-02-22 14:44:55 +0800
  
ActionController::RoutingError (No route matches [GET] "/favicon.ico"):
  
Started GET "/langs/index/en" for 127.0.0.1 at 2025-02-22 14:45:06 +0800
Processing by LangsController#index as */*
  Parameters: {"lang"=>"en"}
No template found for LangsController#index, rendering head :no_content
Completed 204 No Content in 653ms (GC: 0.0ms)


Started GET "/fortune" for 127.0.0.1 at 2025-02-22 14:45:11 +0800
Processing by FortuneController#index as HTML
  Rendering layout layouts/application.html.erb
  Rendering fortune/index.html.erb within layouts/application
  Rendered fortune/index.html.erb within layouts/application (Duration: 2.0ms | GC: 0.0ms)
  Rendered layout layouts/application.html.erb (Duration: 9.2ms | GC: 0.0ms)
Completed 200 OK in 673ms (Views: 10.1ms | GC: 0.0ms)


Started GET "/langs/index/cn" for 127.0.0.1 at 2025-02-22 14:45:16 +0800
Processing by LangsController#index as */*
  Parameters: {"lang"=>"cn"}
No template found for LangsController#index, rendering head :no_content
Completed 204 No Content in 632ms (GC: 0.0ms)


Started GET "/fortune" for 127.0.0.1 at 2025-02-22 14:48:29 +0800
Processing by FortuneController#index as HTML
  Rendering layout layouts/application.html.erb
  Rendering fortune/index.html.erb within layouts/application
  Rendered fortune/index.html.erb within layouts/application (Duration: 3.4ms | GC: 0.0ms)
  Rendered layout layouts/application.html.erb (Duration: 23.8ms | GC: 0.0ms)
Completed 200 OK in 1391ms (Views: 35.6ms | GC: 0.0ms)


Started GET "/langs/index/en" for 127.0.0.1 at 2025-02-22 14:48:34 +0800
Processing by LangsController#index as */*
  Parameters: {"lang"=>"en"}
No template found for LangsController#index, rendering head :no_content
Completed 204 No Content in 671ms (GC: 0.0ms)


Started GET "/fortune" for 127.0.0.1 at 2025-02-22 14:48:58 +0800
Processing by FortuneController#index as HTML
  Rendering layout layouts/application.html.erb
  Rendering fortune/index.html.erb within layouts/application
  Rendered fortune/index.html.erb within layouts/application (Duration: 1.8ms | GC: 0.0ms)
  Rendered layout layouts/application.html.erb (Duration: 6.3ms | GC: 0.0ms)
Completed 200 OK in 698ms (Views: 7.1ms | GC: 0.0ms)


Started GET "/fortune" for 127.0.0.1 at 2025-02-22 14:50:07 +0800
Processing by FortuneController#index as HTML
  Rendering layout layouts/application.html.erb
  Rendering fortune/index.html.erb within layouts/application
  Rendered fortune/index.html.erb within layouts/application (Duration: 1.8ms | GC: 0.0ms)
  Rendered layout layouts/application.html.erb (Duration: 4.3ms | GC: 0.0ms)
Completed 200 OK in 722ms (Views: 5.7ms | GC: 0.0ms)


Started GET "/favicon.ico" for 127.0.0.1 at 2025-02-22 14:50:08 +0800
  
ActionController::RoutingError (No route matches [GET] "/favicon.ico"):
  
Started GET "/fortune" for 127.0.0.1 at 2025-02-22 14:51:10 +0800
Processing by FortuneController#index as HTML
  Rendering layout layouts/application.html.erb
  Rendering fortune/index.html.erb within layouts/application
  Rendered fortune/index.html.erb within layouts/application (Duration: 2.1ms | GC: 0.0ms)
  Rendered layout layouts/application.html.erb (Duration: 4.0ms | GC: 0.0ms)
Completed 200 OK in 732ms (Views: 5.2ms | GC: 0.0ms)


Started GET "/favicon.ico" for 127.0.0.1 at 2025-02-22 14:51:11 +0800
  
ActionController::RoutingError (No route matches [GET] "/favicon.ico"):
  
Started GET "/fortune" for 127.0.0.1 at 2025-02-22 14:51:20 +0800
Processing by FortuneController#index as HTML
  Rendering layout layouts/application.html.erb
  Rendering fortune/index.html.erb within layouts/application
  Rendered fortune/index.html.erb within layouts/application (Duration: 1.8ms | GC: 0.0ms)
  Rendered layout layouts/application.html.erb (Duration: 4.0ms | GC: 0.0ms)
Completed 200 OK in 700ms (Views: 5.7ms | GC: 0.0ms)


Started GET "/favicon.ico" for 127.0.0.1 at 2025-02-22 14:51:21 +0800
  
ActionController::RoutingError (No route matches [GET] "/favicon.ico"):
  
Started GET "/fortune" for 127.0.0.1 at 2025-02-22 14:52:24 +0800
Processing by FortuneController#index as HTML
  Rendering layout layouts/application.html.erb
  Rendering fortune/index.html.erb within layouts/application
  Rendered fortune/index.html.erb within layouts/application (Duration: 3.2ms | GC: 0.0ms)
  Rendered layout layouts/application.html.erb (Duration: 23.7ms | GC: 0.0ms)
Completed 200 OK in 1442ms (Views: 36.3ms | GC: 0.0ms)


Started GET "/favicon.ico" for 127.0.0.1 at 2025-02-22 14:52:26 +0800
  
ActionController::RoutingError (No route matches [GET] "/favicon.ico"):
  
Started GET "/langs/index/cn" for 127.0.0.1 at 2025-02-22 14:52:59 +0800
Processing by LangsController#index as */*
  Parameters: {"lang"=>"cn"}
No template found for LangsController#index, rendering head :no_content
Completed 204 No Content in 670ms (GC: 0.0ms)


Started GET "/fortune" for 127.0.0.1 at 2025-02-22 14:54:48 +0800
Processing by FortuneController#index as HTML
  Rendering layout layouts/application.html.erb
  Rendering fortune/index.html.erb within layouts/application
  Rendered fortune/index.html.erb within layouts/application (Duration: 1.9ms | GC: 0.0ms)
  Rendered layout layouts/application.html.erb (Duration: 4.3ms | GC: 0.0ms)
Completed 200 OK in 731ms (Views: 6.0ms | GC: 0.0ms)


Started GET "/fortune" for 127.0.0.1 at 2025-02-22 14:55:00 +0800
Processing by FortuneController#index as HTML
  Rendering layout layouts/application.html.erb
  Rendering fortune/index.html.erb within layouts/application
  Rendered fortune/index.html.erb within layouts/application (Duration: 1.8ms | GC: 0.0ms)
  Rendered layout layouts/application.html.erb (Duration: 4.1ms | GC: 0.0ms)
Completed 200 OK in 717ms (Views: 5.5ms | GC: 0.0ms)


Started GET "/favicon.ico" for 127.0.0.1 at 2025-02-22 14:55:01 +0800
  
ActionController::RoutingError (No route matches [GET] "/favicon.ico"):
  
Started GET "/langs/index/en" for 127.0.0.1 at 2025-02-22 14:55:08 +0800
Processing by LangsController#index as */*
  Parameters: {"lang"=>"en"}
No template found for LangsController#index, rendering head :no_content
Completed 204 No Content in 644ms (GC: 0.0ms)


Started GET "/langs/index/cn" for 127.0.0.1 at 2025-02-22 15:32:28 +0800
Processing by LangsController#index as */*
  Parameters: {"lang"=>"cn"}
No template found for LangsController#index, rendering head :no_content
Completed 204 No Content in 1068ms (GC: 0.0ms)


Started GET "/langs/index/en" for 127.0.0.1 at 2025-02-22 15:32:34 +0800
Processing by LangsController#index as */*
  Parameters: {"lang"=>"en"}
No template found for LangsController#index, rendering head :no_content
Completed 204 No Content in 651ms (GC: 0.0ms)


Started GET "/fortune" for 127.0.0.1 at 2025-02-22 15:33:39 +0800
Processing by FortuneController#index as HTML
  Rendering layout layouts/application.html.erb
  Rendering fortune/index.html.erb within layouts/application
  Rendered fortune/index.html.erb within layouts/application (Duration: 3.9ms | GC: 0.0ms)
  Rendered layout layouts/application.html.erb (Duration: 25.7ms | GC: 0.0ms)
Completed 200 OK in 1447ms (Views: 38.6ms | GC: 0.0ms)


Started GET "/langs/index/cn" for 127.0.0.1 at 2025-02-22 15:33:44 +0800
Processing by LangsController#index as */*
  Parameters: {"lang"=>"cn"}
No template found for LangsController#index, rendering head :no_content
Completed 204 No Content in 643ms (GC: 0.0ms)


Started GET "/fortune" for 127.0.0.1 at 2025-02-22 15:33:51 +0800
Processing by FortuneController#index as HTML
  Rendering layout layouts/application.html.erb
  Rendering fortune/index.html.erb within layouts/application
  Rendered fortune/index.html.erb within layouts/application (Duration: 1.6ms | GC: 0.0ms)
  Rendered layout layouts/application.html.erb (Duration: 5.5ms | GC: 0.0ms)
Completed 200 OK in 688ms (Views: 6.2ms | GC: 0.0ms)


Started GET "/fortune" for 127.0.0.1 at 2025-02-22 15:34:31 +0800
Processing by FortuneController#index as HTML
  Rendering layout layouts/application.html.erb
  Rendering fortune/index.html.erb within layouts/application
  Rendered fortune/index.html.erb within layouts/application (Duration: 2.8ms | GC: 0.0ms)
  Rendered layout layouts/application.html.erb (Duration: 7.9ms | GC: 0.0ms)
Completed 200 OK in 699ms (Views: 12.5ms | GC: 0.0ms)


Started GET "/langs/index/en" for 127.0.0.1 at 2025-02-22 15:34:43 +0800
Processing by LangsController#index as */*
  Parameters: {"lang"=>"en"}
No template found for LangsController#index, rendering head :no_content
Completed 204 No Content in 646ms (GC: 0.0ms)


Started GET "/fortune" for 127.0.0.1 at 2025-02-22 15:39:38 +0800
Processing by FortuneController#index as HTML
  Rendering layout layouts/application.html.erb
  Rendering fortune/index.html.erb within layouts/application
  Rendered fortune/index.html.erb within layouts/application (Duration: 2.8ms | GC: 0.0ms)
  Rendered layout layouts/application.html.erb (Duration: 8.1ms | GC: 0.0ms)
Completed 200 OK in 682ms (Views: 12.5ms | GC: 0.0ms)


Started GET "/favicon.ico" for 127.0.0.1 at 2025-02-22 15:39:39 +0800
  
ActionController::RoutingError (No route matches [GET] "/favicon.ico"):
  
Started GET "/langs/index/cn" for 127.0.0.1 at 2025-02-22 15:39:41 +0800
Processing by LangsController#index as */*
  Parameters: {"lang"=>"cn"}
No template found for LangsController#index, rendering head :no_content
Completed 204 No Content in 633ms (GC: 0.0ms)


Started GET "/fortune" for 127.0.0.1 at 2025-02-22 15:48:31 +0800
Processing by FortuneController#index as HTML
  Rendering layout layouts/application.html.erb
  Rendering fortune/index.html.erb within layouts/application
  Rendered fortune/index.html.erb within layouts/application (Duration: 3.2ms | GC: 0.0ms)
  Rendered layout layouts/application.html.erb (Duration: 23.1ms | GC: 0.0ms)
Completed 200 OK in 1403ms (Views: 36.4ms | GC: 0.0ms)


Started GET "/langs/index/en" for 127.0.0.1 at 2025-02-22 15:48:36 +0800
Processing by LangsController#index as */*
  Parameters: {"lang"=>"en"}
No template found for LangsController#index, rendering head :no_content
Completed 204 No Content in 644ms (GC: 0.0ms)


Started GET "/fortune" for 127.0.0.1 at 2025-02-22 15:49:29 +0800
Processing by FortuneController#index as HTML
  Rendering layout layouts/application.html.erb
  Rendering fortune/index.html.erb within layouts/application
  Rendered fortune/index.html.erb within layouts/application (Duration: 3.7ms | GC: 0.0ms)
  Rendered layout layouts/application.html.erb (Duration: 24.5ms | GC: 0.0ms)
Completed 200 OK in 1381ms (Views: 36.3ms | GC: 0.0ms)


Started GET "/langs/index/cn" for 127.0.0.1 at 2025-02-22 15:49:35 +0800
Processing by LangsController#index as */*
  Parameters: {"lang"=>"cn"}
No template found for LangsController#index, rendering head :no_content
Completed 204 No Content in 640ms (GC: 0.0ms)


Started GET "/fortune" for 127.0.0.1 at 2025-02-22 15:49:35 +0800
Processing by FortuneController#index as HTML
  Rendering layout layouts/application.html.erb
  Rendering fortune/index.html.erb within layouts/application
  Rendered fortune/index.html.erb within layouts/application (Duration: 1.8ms | GC: 0.0ms)
  Rendered layout layouts/application.html.erb (Duration: 5.9ms | GC: 0.0ms)
Completed 200 OK in 661ms (Views: 6.6ms | GC: 0.0ms)


